{
  "uid" : "e10059d365ba3b91",
  "name" : "test_two",
  "fullName" : "unit.test_pytest.TestClass#test_two",
  "historyId" : "f29c6df3a2c6e467cf125441fc92b055",
  "time" : {
    "start" : 1583118100932,
    "stop" : 1583118100933,
    "duration" : 1
  },
  "status" : "failed",
  "statusMessage" : "AssertionError: assert False\n +  where False = hasattr('hello', 'check')",
  "statusTrace" : "self = <unit.test_pytest.TestClass object at 0x000001EA98791580>\n\n    def test_two(self):\n        x = \"hello\"\n>       assert hasattr(x, \"check\")\nE       AssertionError: assert False\nE        +  where False = hasattr('hello', 'check')\n\nunit\\test_pytest.py:36: AssertionError",
  "flaky" : false,
  "newFailed" : false,
  "beforeStages" : [ {
    "name" : "_Module__pytest_setup_module",
    "time" : {
      "start" : 1583118100885,
      "stop" : 1583118100886,
      "duration" : 1
    },
    "status" : "passed",
    "steps" : [ ],
    "attachments" : [ ],
    "parameters" : [ ],
    "shouldDisplayMessage" : false,
    "attachmentsCount" : 0,
    "stepsCount" : 0,
    "hasContent" : false
  }, {
    "name" : "_Module__pytest_setup_function",
    "time" : {
      "start" : 1583118100930,
      "stop" : 1583118100930,
      "duration" : 0
    },
    "status" : "passed",
    "steps" : [ ],
    "attachments" : [ ],
    "parameters" : [ ],
    "shouldDisplayMessage" : false,
    "attachmentsCount" : 0,
    "stepsCount" : 0,
    "hasContent" : false
  }, {
    "name" : "_Class__pytest_setup_class",
    "time" : {
      "start" : 1583118100913,
      "stop" : 1583118100913,
      "duration" : 0
    },
    "status" : "passed",
    "steps" : [ ],
    "attachments" : [ ],
    "parameters" : [ ],
    "shouldDisplayMessage" : false,
    "attachmentsCount" : 0,
    "stepsCount" : 0,
    "hasContent" : false
  } ],
  "testStage" : {
    "status" : "failed",
    "statusMessage" : "AssertionError: assert False\n +  where False = hasattr('hello', 'check')",
    "statusTrace" : "self = <unit.test_pytest.TestClass object at 0x000001EA98791580>\n\n    def test_two(self):\n        x = \"hello\"\n>       assert hasattr(x, \"check\")\nE       AssertionError: assert False\nE        +  where False = hasattr('hello', 'check')\n\nunit\\test_pytest.py:36: AssertionError",
    "steps" : [ ],
    "attachments" : [ {
      "uid" : "f9e23a7254db9394",
      "name" : "stdout",
      "source" : "f9e23a7254db9394.txt",
      "type" : "text/plain",
      "size" : 6
    } ],
    "parameters" : [ ],
    "shouldDisplayMessage" : true,
    "attachmentsCount" : 1,
    "stepsCount" : 0,
    "hasContent" : true
  },
  "afterStages" : [ {
    "name" : "_Module__pytest_setup_module::0",
    "time" : {
      "start" : 1583118100961,
      "stop" : 1583118100961,
      "duration" : 0
    },
    "status" : "passed",
    "steps" : [ ],
    "attachments" : [ ],
    "parameters" : [ ],
    "shouldDisplayMessage" : false,
    "attachmentsCount" : 0,
    "stepsCount" : 0,
    "hasContent" : false
  }, {
    "name" : "_Module__pytest_setup_function::0",
    "time" : {
      "start" : 1583118100938,
      "stop" : 1583118100938,
      "duration" : 0
    },
    "status" : "passed",
    "steps" : [ ],
    "attachments" : [ ],
    "parameters" : [ ],
    "shouldDisplayMessage" : false,
    "attachmentsCount" : 0,
    "stepsCount" : 0,
    "hasContent" : false
  }, {
    "name" : "_Class__pytest_setup_class::0",
    "time" : {
      "start" : 1583118100959,
      "stop" : 1583118100959,
      "duration" : 0
    },
    "status" : "passed",
    "steps" : [ ],
    "attachments" : [ ],
    "parameters" : [ ],
    "shouldDisplayMessage" : false,
    "attachmentsCount" : 0,
    "stepsCount" : 0,
    "hasContent" : false
  } ],
  "labels" : [ {
    "name" : "parentSuite",
    "value" : "unit"
  }, {
    "name" : "suite",
    "value" : "test_pytest"
  }, {
    "name" : "subSuite",
    "value" : "TestClass"
  }, {
    "name" : "host",
    "value" : "DESKTOP-2P3JG1L"
  }, {
    "name" : "thread",
    "value" : "6744-MainThread"
  }, {
    "name" : "framework",
    "value" : "pytest"
  }, {
    "name" : "language",
    "value" : "cpython3"
  }, {
    "name" : "package",
    "value" : "unit.test_pytest"
  }, {
    "name" : "resultFormat",
    "value" : "allure2"
  } ],
  "parameters" : [ ],
  "links" : [ ],
  "hidden" : false,
  "retry" : false,
  "extra" : {
    "severity" : "normal",
    "retries" : [ ],
    "categories" : [ {
      "name" : "Product defects",
      "matchedStatuses" : [ ],
      "flaky" : false
    } ],
    "tags" : [ ]
  },
  "source" : "e10059d365ba3b91.json",
  "parameterValues" : [ ]
}